<?xml version="1.0" encoding="UTF-8"?>
<!-- Generated by org.testng.reporters.JUnitReportReporter -->
<testsuite hostname="hp" failures="0" tests="1" name="assignment.AutomationScript" time="8.980" errors="0" timestamp="2022-06-03T13:33:04 IST" skipped="0">
  <testcase classname="assignment.AutomationScript" name="testScriptTest" time="8.980"/>
  <system-out/>
</testsuite> <!-- assignment.AutomationScript -->
